2014/11/06 12:13:45 [error] [exception.CException] exception 'CException' with message 'Property "CWebUser.profileId" is not defined.' in C:\wamp\www\framework\base\CComponent.php:131
Stack trace:
#0 C:\wamp\www\framework\web\auth\CWebUser.php(141): CComponent->__get('profileId')
#1 C:\wamp\www\zadovo\protected\controllers\UserController.php(602): CWebUser->__get('profileId')
#2 [internal function]: UserController->actionRating('1')
#3 C:\wamp\www\framework\web\actions\CAction.php(107): ReflectionMethod->invokeArgs(Object(UserController), Array)
#4 C:\wamp\www\framework\web\actions\CInlineAction.php(48): CAction->runWithParamsInternal(Object(UserController), Object(ReflectionMethod), Array)
#5 C:\wamp\www\framework\web\CController.php(309): CInlineAction->runWithParams(Array)
#6 C:\wamp\www\framework\web\filters\CFilterChain.php(134): CController->runAction(Object(CInlineAction))
#7 C:\wamp\www\framework\web\filters\CFilter.php(41): CFilterChain->run()
#8 C:\wamp\www\framework\web\CController.php(1146): CFilter->filter(Object(CFilterChain))
#9 C:\wamp\www\framework\web\filters\CInlineFilter.php(59): CController->filterAccessControl(Object(CFilterChain))
#10 C:\wamp\www\framework\web\filters\CFilterChain.php(131): CInlineFilter->filter(Object(CFilterChain))
#11 C:\wamp\www\framework\web\CController.php(292): CFilterChain->run()
#12 C:\wamp\www\framework\web\CController.php(266): CController->runActionWithFilters(Object(CInlineAction), Array)
#13 C:\wamp\www\framework\web\CWebApplication.php(276): CController->run('rating')
#14 C:\wamp\www\framework\web\CWebApplication.php(135): CWebApplication->runController('user/rating')
#15 C:\wamp\www\framework\base\CApplication.php(162): CWebApplication->processRequest()
#16 C:\wamp\www\zadovo\index.php(13): CApplication->run()
#17 {main}
REQUEST_URI=/zadovo/index.php?r=user/rating&id=1
HTTP_REFERER=http://localhost/zadovo/index.php?r=site/schoolProfile&id=1
---
2014/11/06 12:14:32 [error] [exception.CException] exception 'CException' with message 'Property "SchoolsProfile.phone" is not defined.' in C:\wamp\www\framework\base\CComponent.php:174
Stack trace:
#0 C:\wamp\www\framework\db\ar\CActiveRecord.php(160): CComponent->__set('phone', 1)
#1 C:\wamp\www\zadovo\protected\controllers\SiteController.php(445): CActiveRecord->__set('phone', 1)
#2 [internal function]: SiteController->actionSchoolProfileEvent('1', 'wantToJoin')
#3 C:\wamp\www\framework\web\actions\CAction.php(107): ReflectionMethod->invokeArgs(Object(SiteController), Array)
#4 C:\wamp\www\framework\web\actions\CInlineAction.php(48): CAction->runWithParamsInternal(Object(SiteController), Object(ReflectionMethod), Array)
#5 C:\wamp\www\framework\web\CController.php(309): CInlineAction->runWithParams(Array)
#6 C:\wamp\www\framework\web\CController.php(287): CController->runAction(Object(CInlineAction))
#7 C:\wamp\www\framework\web\CController.php(266): CController->runActionWithFilters(Object(CInlineAction), Array)
#8 C:\wamp\www\framework\web\CWebApplication.php(276): CController->run('schoolProfileEv...')
#9 C:\wamp\www\framework\web\CWebApplication.php(135): CWebApplication->runController('site/schoolProf...')
#10 C:\wamp\www\framework\base\CApplication.php(162): CWebApplication->processRequest()
#11 C:\wamp\www\zadovo\index.php(13): CApplication->run()
#12 {main}
REQUEST_URI=/zadovo/index.php?r=site/schoolProfileEvent&id=1&action=wantToJoin
HTTP_REFERER=http://localhost/zadovo/index.php?r=site/schoolProfile&id=1
---
2014/11/06 12:14:40 [warning] [application] Failed to set unsafe attribute "sName" of "UserReviews".
in C:\wamp\www\zadovo\protected\controllers\UserController.php (394)
in C:\wamp\www\zadovo\index.php (13)
2014/11/06 12:14:40 [warning] [application] Failed to set unsafe attribute "sAddress" of "UserReviews".
in C:\wamp\www\zadovo\protected\controllers\UserController.php (394)
in C:\wamp\www\zadovo\index.php (13)
2014/11/06 12:14:40 [warning] [application] Failed to set unsafe attribute "simg" of "UserReviews".
in C:\wamp\www\zadovo\protected\controllers\UserController.php (394)
in C:\wamp\www\zadovo\index.php (13)
2014/11/06 12:14:40 [error] [exception.CException] exception 'CException' with message 'Property "SchoolsProfile.phone" is not defined.' in C:\wamp\www\framework\base\CComponent.php:174
Stack trace:
#0 C:\wamp\www\framework\db\ar\CActiveRecord.php(160): CComponent->__set('phone', 1)
#1 C:\wamp\www\zadovo\protected\controllers\UserController.php(403): CActiveRecord->__set('phone', 1)
#2 C:\wamp\www\framework\web\actions\CInlineAction.php(50): UserController->actionReviews()
#3 C:\wamp\www\framework\web\CController.php(309): CInlineAction->runWithParams(Array)
#4 C:\wamp\www\framework\web\filters\CFilterChain.php(134): CController->runAction(Object(CInlineAction))
#5 C:\wamp\www\framework\web\filters\CFilter.php(41): CFilterChain->run()
#6 C:\wamp\www\framework\web\CController.php(1146): CFilter->filter(Object(CFilterChain))
#7 C:\wamp\www\framework\web\filters\CInlineFilter.php(59): CController->filterAccessControl(Object(CFilterChain))
#8 C:\wamp\www\framework\web\filters\CFilterChain.php(131): CInlineFilter->filter(Object(CFilterChain))
#9 C:\wamp\www\framework\web\CController.php(292): CFilterChain->run()
#10 C:\wamp\www\framework\web\CController.php(266): CController->runActionWithFilters(Object(CInlineAction), Array)
#11 C:\wamp\www\framework\web\CWebApplication.php(276): CController->run('reviews')
#12 C:\wamp\www\framework\web\CWebApplication.php(135): CWebApplication->runController('user/reviews')
#13 C:\wamp\www\framework\base\CApplication.php(162): CWebApplication->processRequest()
#14 C:\wamp\www\zadovo\index.php(13): CApplication->run()
#15 {main}
REQUEST_URI=/zadovo/index.php?r=user/reviews
HTTP_REFERER=http://localhost/zadovo/index.php?r=site/schoolProfile&id=1
---
2014/11/06 12:16:04 [warning] [application] Failed to set unsafe attribute "sName" of "UserReviews".
in C:\wamp\www\zadovo\protected\controllers\UserController.php (394)
in C:\wamp\www\zadovo\index.php (13)
2014/11/06 12:16:04 [warning] [application] Failed to set unsafe attribute "sAddress" of "UserReviews".
in C:\wamp\www\zadovo\protected\controllers\UserController.php (394)
in C:\wamp\www\zadovo\index.php (13)
2014/11/06 12:16:04 [warning] [application] Failed to set unsafe attribute "simg" of "UserReviews".
in C:\wamp\www\zadovo\protected\controllers\UserController.php (394)
in C:\wamp\www\zadovo\index.php (13)
2014/11/06 12:26:38 [error] [exception.CHttpException.404] exception 'CHttpException' with message 'Unable to resolve the request "admin/users".' in C:\wamp\www\framework\web\CWebApplication.php:280
Stack trace:
#0 C:\wamp\www\framework\web\CWebApplication.php(135): CWebApplication->runController('admin/users')
#1 C:\wamp\www\framework\base\CApplication.php(162): CWebApplication->processRequest()
#2 C:\wamp\www\zadovo\index.php(13): CApplication->run()
#3 {main}
REQUEST_URI=/zadovo/index.php?r=admin/users
---
2014/11/06 12:26:46 [error] [exception.CHttpException.404] exception 'CHttpException' with message 'Unable to resolve the request "admin/usersProfile".' in C:\wamp\www\framework\web\CWebApplication.php:280
Stack trace:
#0 C:\wamp\www\framework\web\CWebApplication.php(135): CWebApplication->runController('admin/usersProf...')
#1 C:\wamp\www\framework\base\CApplication.php(162): CWebApplication->processRequest()
#2 C:\wamp\www\zadovo\index.php(13): CApplication->run()
#3 {main}
REQUEST_URI=/zadovo/index.php?r=admin/usersProfile
---
2014/11/06 12:26:52 [error] [exception.CHttpException.404] exception 'CHttpException' with message 'Unable to resolve the request "admin/userProfile".' in C:\wamp\www\framework\web\CWebApplication.php:280
Stack trace:
#0 C:\wamp\www\framework\web\CWebApplication.php(135): CWebApplication->runController('admin/userProfi...')
#1 C:\wamp\www\framework\base\CApplication.php(162): CWebApplication->processRequest()
#2 C:\wamp\www\zadovo\index.php(13): CApplication->run()
#3 {main}
REQUEST_URI=/zadovo/index.php?r=admin/userProfile
---
2014/11/06 12:26:57 [error] [exception.CHttpException.404] exception 'CHttpException' with message 'Unable to resolve the request "admin/userProfile/admin".' in C:\wamp\www\framework\web\CWebApplication.php:280
Stack trace:
#0 C:\wamp\www\framework\web\CWebApplication.php(135): CWebApplication->runController('admin/userProfi...')
#1 C:\wamp\www\framework\base\CApplication.php(162): CWebApplication->processRequest()
#2 C:\wamp\www\zadovo\index.php(13): CApplication->run()
#3 {main}
REQUEST_URI=/zadovo/index.php?r=admin/userProfile/admin
---
2014/11/06 12:27:12 [error] [exception.CException] exception 'CException' with message 'Property "UserProfiles.age" is not defined.' in C:\wamp\www\framework\base\CComponent.php:131
Stack trace:
#0 C:\wamp\www\framework\db\ar\CActiveRecord.php(144): CComponent->__get('age')
#1 C:\wamp\www\framework\web\helpers\CHtml.php(1696): CActiveRecord->__get('age')
#2 C:\wamp\www\framework\zii\widgets\grid\CDataColumn.php(141): CHtml::value(Object(UserProfiles), 'age')
#3 C:\wamp\www\framework\zii\widgets\grid\CGridColumn.php(138): CDataColumn->renderDataCellContent(0, Object(UserProfiles))
#4 C:\wamp\www\framework\zii\widgets\grid\CGridView.php(517): CGridColumn->renderDataCell(0)
#5 C:\wamp\www\framework\zii\widgets\grid\CGridView.php(490): CGridView->renderTableRow(0)
#6 C:\wamp\www\framework\zii\widgets\grid\CGridView.php(400): CGridView->renderTableBody()
#7 C:\wamp\www\framework\zii\widgets\CBaseListView.php(158): CGridView->renderItems()
#8 [internal function]: CBaseListView->renderSection(Array)
#9 C:\wamp\www\framework\zii\widgets\CBaseListView.php(141): preg_replace_callback('/{(\w+)}/', Array, '{summary}?{item...')
#10 C:\wamp\www\framework\zii\widgets\CBaseListView.php(126): CBaseListView->renderContent()
#11 C:\wamp\www\framework\web\CBaseController.php(174): CBaseListView->run()
#12 C:\wamp\www\zadovo\protected\modules\admin\views\userProfiles\admin.php(71): CBaseController->widget('zii.widgets.gri...', Array)
#13 C:\wamp\www\framework\web\CBaseController.php(127): require('C:\wamp\www\zad...')
#14 C:\wamp\www\framework\web\CBaseController.php(96): CBaseController->renderInternal('C:\wamp\www\zad...', Array, true)
#15 C:\wamp\www\framework\web\CController.php(870): CBaseController->renderFile('C:\wamp\www\zad...', Array, true)
#16 C:\wamp\www\framework\web\CController.php(783): CController->renderPartial('admin', Array, true)
#17 C:\wamp\www\zadovo\protected\modules\admin\controllers\UserProfilesController.php(226): CController->render('admin', Array)
#18 C:\wamp\www\framework\web\actions\CInlineAction.php(50): UserProfilesController->actionAdmin()
#19 C:\wamp\www\framework\web\CController.php(309): CInlineAction->runWithParams(Array)
#20 C:\wamp\www\framework\web\filters\CFilterChain.php(134): CController->runAction(Object(CInlineAction))
#21 C:\wamp\www\framework\web\filters\CFilter.php(41): CFilterChain->run()
#22 C:\wamp\www\framework\web\CController.php(1146): CFilter->filter(Object(CFilterChain))
#23 C:\wamp\www\framework\web\filters\CInlineFilter.php(59): CController->filterAccessControl(Object(CFilterChain))
#24 C:\wamp\www\framework\web\filters\CFilterChain.php(131): CInlineFilter->filter(Object(CFilterChain))
#25 C:\wamp\www\framework\web\CController.php(292): CFilterChain->run()
#26 C:\wamp\www\framework\web\CController.php(266): CController->runActionWithFilters(Object(CInlineAction), Array)
#27 C:\wamp\www\framework\web\CWebApplication.php(276): CController->run('admin')
#28 C:\wamp\www\framework\web\CWebApplication.php(135): CWebApplication->runController('admin/userProfi...')
#29 C:\wamp\www\framework\base\CApplication.php(162): CWebApplication->processRequest()
#30 C:\wamp\www\zadovo\index.php(13): CApplication->run()
#31 {main}
REQUEST_URI=/zadovo/index.php?r=admin/userProfiles/admin
---
2014/11/06 12:28:49 [error] [exception.CException] exception 'CException' with message 'Property "UserProfiles.age" is not defined.' in C:\wamp\www\framework\base\CComponent.php:131
Stack trace:
#0 C:\wamp\www\framework\db\ar\CActiveRecord.php(144): CComponent->__get('age')
#1 C:\wamp\www\framework\web\helpers\CHtml.php(1696): CActiveRecord->__get('age')
#2 C:\wamp\www\framework\zii\widgets\CDetailView.php(210): CHtml::value(Object(UserProfiles), 'age')
#3 C:\wamp\www\framework\web\CBaseController.php(174): CDetailView->run()
#4 C:\wamp\www\zadovo\protected\modules\admin\views\userProfiles\view.php(45): CBaseController->widget('zii.widgets.CDe...', Array)
#5 C:\wamp\www\framework\web\CBaseController.php(127): require('C:\wamp\www\zad...')
#6 C:\wamp\www\framework\web\CBaseController.php(96): CBaseController->renderInternal('C:\wamp\www\zad...', Array, true)
#7 C:\wamp\www\framework\web\CController.php(870): CBaseController->renderFile('C:\wamp\www\zad...', Array, true)
#8 C:\wamp\www\framework\web\CController.php(783): CController->renderPartial('view', Array, true)
#9 C:\wamp\www\zadovo\protected\modules\admin\controllers\UserProfilesController.php(55): CController->render('view', Array)
#10 [internal function]: UserProfilesController->actionView('31')
#11 C:\wamp\www\framework\web\actions\CAction.php(107): ReflectionMethod->invokeArgs(Object(UserProfilesController), Array)
#12 C:\wamp\www\framework\web\actions\CInlineAction.php(48): CAction->runWithParamsInternal(Object(UserProfilesController), Object(ReflectionMethod), Array)
#13 C:\wamp\www\framework\web\CController.php(309): CInlineAction->runWithParams(Array)
#14 C:\wamp\www\framework\web\filters\CFilterChain.php(134): CController->runAction(Object(CInlineAction))
#15 C:\wamp\www\framework\web\filters\CFilter.php(41): CFilterChain->run()
#16 C:\wamp\www\framework\web\CController.php(1146): CFilter->filter(Object(CFilterChain))
#17 C:\wamp\www\framework\web\filters\CInlineFilter.php(59): CController->filterAccessControl(Object(CFilterChain))
#18 C:\wamp\www\framework\web\filters\CFilterChain.php(131): CInlineFilter->filter(Object(CFilterChain))
#19 C:\wamp\www\framework\web\CController.php(292): CFilterChain->run()
#20 C:\wamp\www\framework\web\CController.php(266): CController->runActionWithFilters(Object(CInlineAction), Array)
#21 C:\wamp\www\framework\web\CWebApplication.php(276): CController->run('view')
#22 C:\wamp\www\framework\web\CWebApplication.php(135): CWebApplication->runController('admin/userProfi...')
#23 C:\wamp\www\framework\base\CApplication.php(162): CWebApplication->processRequest()
#24 C:\wamp\www\zadovo\index.php(13): CApplication->run()
#25 {main}
REQUEST_URI=/zadovo/index.php?r=admin/userProfiles/view&id=31
HTTP_REFERER=http://localhost/zadovo/index.php?r=admin/userProfiles/update&id=31
---
2014/11/06 12:29:34 [error] [php] Trying to get property of non-object (C:\wamp\www\zadovo\themes\home\views\user\userProfile.php:13)
Stack trace:
#0 C:\wamp\www\framework\web\CController.php(870): UserController->renderFile()
#1 C:\wamp\www\framework\web\CController.php(783): UserController->renderPartial()
#2 C:\wamp\www\zadovo\protected\controllers\UserController.php(132): UserController->render()
#3 C:\wamp\www\framework\web\actions\CInlineAction.php(50): UserController->actionUserProfile()
#4 C:\wamp\www\framework\web\CController.php(309): CInlineAction->runWithParams()
#5 C:\wamp\www\framework\web\filters\CFilterChain.php(134): UserController->runAction()
#6 C:\wamp\www\framework\web\filters\CFilter.php(41): CFilterChain->run()
#7 C:\wamp\www\framework\web\CController.php(1146): CAccessControlFilter->filter()
#8 C:\wamp\www\framework\web\filters\CInlineFilter.php(59): UserController->filterAccessControl()
#9 C:\wamp\www\framework\web\filters\CFilterChain.php(131): CInlineFilter->filter()
#10 C:\wamp\www\framework\web\CController.php(292): CFilterChain->run()
#11 C:\wamp\www\framework\web\CController.php(266): UserController->runActionWithFilters()
#12 C:\wamp\www\framework\web\CWebApplication.php(276): UserController->run()
#13 C:\wamp\www\framework\web\CWebApplication.php(135): CWebApplication->runController()
#14 C:\wamp\www\framework\base\CApplication.php(162): CWebApplication->processRequest()
#15 C:\wamp\www\zadovo\index.php(13): CWebApplication->run()
REQUEST_URI=/zadovo/index.php?r=user/userProfile
in C:\wamp\www\zadovo\themes\home\views\user\userProfile.php (13)
in C:\wamp\www\zadovo\protected\controllers\UserController.php (132)
in C:\wamp\www\zadovo\index.php (13)
2014/11/06 12:32:09 [error] [exception.CException] exception 'CException' with message 'Property "UserProfiles.logo" is not defined.' in C:\wamp\www\framework\base\CComponent.php:131
Stack trace:
#0 C:\wamp\www\framework\db\ar\CActiveRecord.php(144): CComponent->__get('logo')
#1 C:\wamp\www\zadovo\protected\modules\admin\views\userProfiles\_form.php(64): CActiveRecord->__get('logo')
#2 C:\wamp\www\framework\web\CBaseController.php(127): require('C:\wamp\www\zad...')
#3 C:\wamp\www\framework\web\CBaseController.php(96): CBaseController->renderInternal('C:\wamp\www\zad...', Array, true)
#4 C:\wamp\www\framework\web\CController.php(870): CBaseController->renderFile('C:\wamp\www\zad...', Array, true)
#5 C:\wamp\www\zadovo\protected\modules\admin\views\userProfiles\update.php(18): CController->renderPartial('_form', Array)
#6 C:\wamp\www\framework\web\CBaseController.php(127): require('C:\wamp\www\zad...')
#7 C:\wamp\www\framework\web\CBaseController.php(96): CBaseController->renderInternal('C:\wamp\www\zad...', Array, true)
#8 C:\wamp\www\framework\web\CController.php(870): CBaseController->renderFile('C:\wamp\www\zad...', Array, true)
#9 C:\wamp\www\framework\web\CController.php(783): CController->renderPartial('update', Array, true)
#10 C:\wamp\www\zadovo\protected\modules\admin\controllers\UserProfilesController.php(180): CController->render('update', Array)
#11 [internal function]: UserProfilesController->actionUpdate('31')
#12 C:\wamp\www\framework\web\actions\CAction.php(107): ReflectionMethod->invokeArgs(Object(UserProfilesController), Array)
#13 C:\wamp\www\framework\web\actions\CInlineAction.php(48): CAction->runWithParamsInternal(Object(UserProfilesController), Object(ReflectionMethod), Array)
#14 C:\wamp\www\framework\web\CController.php(309): CInlineAction->runWithParams(Array)
#15 C:\wamp\www\framework\web\filters\CFilterChain.php(134): CController->runAction(Object(CInlineAction))
#16 C:\wamp\www\framework\web\filters\CFilter.php(41): CFilterChain->run()
#17 C:\wamp\www\framework\web\CController.php(1146): CFilter->filter(Object(CFilterChain))
#18 C:\wamp\www\framework\web\filters\CInlineFilter.php(59): CController->filterAccessControl(Object(CFilterChain))
#19 C:\wamp\www\framework\web\filters\CFilterChain.php(131): CInlineFilter->filter(Object(CFilterChain))
#20 C:\wamp\www\framework\web\CController.php(292): CFilterChain->run()
#21 C:\wamp\www\framework\web\CController.php(266): CController->runActionWithFilters(Object(CInlineAction), Array)
#22 C:\wamp\www\framework\web\CWebApplication.php(276): CController->run('update')
#23 C:\wamp\www\framework\web\CWebApplication.php(135): CWebApplication->runController('admin/userProfi...')
#24 C:\wamp\www\framework\base\CApplication.php(162): CWebApplication->processRequest()
#25 C:\wamp\www\zadovo\index.php(13): CApplication->run()
#26 {main}
REQUEST_URI=/zadovo/index.php?r=admin/userProfiles/update&id=31
HTTP_REFERER=http://localhost/zadovo/index.php?r=admin/userProfiles/admin
---
2014/11/06 12:35:06 [warning] [application] Failed to set unsafe attribute "oldImage" of "UserProfiles".
in C:\wamp\www\zadovo\protected\modules\admin\controllers\UserProfilesController.php (135)
in C:\wamp\www\zadovo\index.php (13)
2014/11/06 12:59:20 [error] [exception.CHttpException.404] exception 'CHttpException' with message 'Unable to resolve the request "user/upload".' in C:\wamp\www\framework\web\CWebApplication.php:280
Stack trace:
#0 C:\wamp\www\framework\web\CWebApplication.php(135): CWebApplication->runController('user/upload')
#1 C:\wamp\www\framework\base\CApplication.php(162): CWebApplication->processRequest()
#2 C:\wamp\www\zadovo\index.php(13): CApplication->run()
#3 {main}
REQUEST_URI=/zadovo/index.php?r=user/upload&PHPSESSID=2e6djkh19jlio4sdl9suaaj761&YII_CSRF_TOKEN=1deeb3f0f7cff47244e689c67a8c6d178d8759e7&qqfile=p.jpg
HTTP_REFERER=http://localhost/zadovo/index.php?r=user/editProfile
---
2014/11/06 13:00:54 [error] [php] Undefined variable: targetFolder1 (C:\wamp\www\zadovo\protected\controllers\UserController.php:252)
Stack trace:
#0 C:\wamp\www\framework\web\filters\CFilterChain.php(134): UserController->runAction()
#1 C:\wamp\www\framework\web\filters\CFilter.php(41): CFilterChain->run()
#2 C:\wamp\www\framework\web\CController.php(1146): CAccessControlFilter->filter()
#3 C:\wamp\www\framework\web\filters\CInlineFilter.php(59): UserController->filterAccessControl()
#4 C:\wamp\www\framework\web\filters\CFilterChain.php(131): CInlineFilter->filter()
#5 C:\wamp\www\framework\web\CController.php(292): CFilterChain->run()
#6 C:\wamp\www\framework\web\CController.php(266): UserController->runActionWithFilters()
#7 C:\wamp\www\framework\web\CWebApplication.php(276): UserController->run()
#8 C:\wamp\www\framework\web\CWebApplication.php(135): CWebApplication->runController()
#9 C:\wamp\www\framework\base\CApplication.php(162): CWebApplication->processRequest()
#10 C:\wamp\www\zadovo\index.php(13): CWebApplication->run()
REQUEST_URI=/zadovo/index.php?r=user/upload&PHPSESSID=2e6djkh19jlio4sdl9suaaj761&YII_CSRF_TOKEN=1deeb3f0f7cff47244e689c67a8c6d178d8759e7&qqfile=p.jpg
in C:\wamp\www\zadovo\protected\controllers\UserController.php (252)
in C:\wamp\www\zadovo\index.php (13)
2014/11/06 13:29:58 [error] [exception.CException] exception 'CException' with message 'UserController cannot find the requested view "editProfile1".' in C:\wamp\www\framework\web\CController.php:879
Stack trace:
#0 C:\wamp\www\framework\web\CController.php(783): CController->renderPartial('editProfile1', Array, true)
#1 C:\wamp\www\zadovo\protected\controllers\UserController.php(232): CController->render('editProfile1', Array)
#2 C:\wamp\www\framework\web\actions\CInlineAction.php(50): UserController->actionEditProfile()
#3 C:\wamp\www\framework\web\CController.php(309): CInlineAction->runWithParams(Array)
#4 C:\wamp\www\framework\web\filters\CFilterChain.php(134): CController->runAction(Object(CInlineAction))
#5 C:\wamp\www\framework\web\filters\CFilter.php(41): CFilterChain->run()
#6 C:\wamp\www\framework\web\CController.php(1146): CFilter->filter(Object(CFilterChain))
#7 C:\wamp\www\framework\web\filters\CInlineFilter.php(59): CController->filterAccessControl(Object(CFilterChain))
#8 C:\wamp\www\framework\web\filters\CFilterChain.php(131): CInlineFilter->filter(Object(CFilterChain))
#9 C:\wamp\www\framework\web\CController.php(292): CFilterChain->run()
#10 C:\wamp\www\framework\web\CController.php(266): CController->runActionWithFilters(Object(CInlineAction), Array)
#11 C:\wamp\www\framework\web\CWebApplication.php(276): CController->run('editProfile')
#12 C:\wamp\www\framework\web\CWebApplication.php(135): CWebApplication->runController('user/editProfil...')
#13 C:\wamp\www\framework\base\CApplication.php(162): CWebApplication->processRequest()
#14 C:\wamp\www\zadovo\index.php(13): CApplication->run()
#15 {main}
REQUEST_URI=/zadovo/index.php?r=user/editProfile
---
2014/11/06 13:30:24 [error] [php] Undefined variable: path (C:\wamp\www\zadovo\themes\home\views\user\editProfile1.php:23)
Stack trace:
#0 C:\wamp\www\framework\web\CController.php(870): UserController->renderFile()
#1 C:\wamp\www\framework\web\CController.php(783): UserController->renderPartial()
#2 C:\wamp\www\zadovo\protected\controllers\UserController.php(232): UserController->render()
#3 C:\wamp\www\framework\web\actions\CInlineAction.php(50): UserController->actionEditProfile()
#4 C:\wamp\www\framework\web\CController.php(309): CInlineAction->runWithParams()
#5 C:\wamp\www\framework\web\filters\CFilterChain.php(134): UserController->runAction()
#6 C:\wamp\www\framework\web\filters\CFilter.php(41): CFilterChain->run()
#7 C:\wamp\www\framework\web\CController.php(1146): CAccessControlFilter->filter()
#8 C:\wamp\www\framework\web\filters\CInlineFilter.php(59): UserController->filterAccessControl()
#9 C:\wamp\www\framework\web\filters\CFilterChain.php(131): CInlineFilter->filter()
#10 C:\wamp\www\framework\web\CController.php(292): CFilterChain->run()
#11 C:\wamp\www\framework\web\CController.php(266): UserController->runActionWithFilters()
#12 C:\wamp\www\framework\web\CWebApplication.php(276): UserController->run()
#13 C:\wamp\www\framework\web\CWebApplication.php(135): CWebApplication->runController()
#14 C:\wamp\www\framework\base\CApplication.php(162): CWebApplication->processRequest()
#15 C:\wamp\www\zadovo\index.php(13): CWebApplication->run()
REQUEST_URI=/zadovo/index.php?r=user/editProfile
in C:\wamp\www\zadovo\themes\home\views\user\editProfile1.php (23)
in C:\wamp\www\zadovo\protected\controllers\UserController.php (232)
in C:\wamp\www\zadovo\index.php (13)
2014/11/09 16:28:57 [error] [exception.CException] exception 'CException' with message 'The property "itemView" cannot be empty.' in C:\wamp\www\framework\zii\widgets\CListView.php:172
Stack trace:
#0 C:\wamp\www\framework\web\CBaseController.php(148): CListView->init()
#1 C:\wamp\www\framework\web\CBaseController.php(173): CBaseController->createWidget('zii.widgets.CLi...', Array)
#2 C:\wamp\www\zadovo\themes\home\views\site\search.php(57): CBaseController->widget('zii.widgets.CLi...', Array)
#3 C:\wamp\www\framework\web\CBaseController.php(127): require('C:\wamp\www\zad...')
#4 C:\wamp\www\framework\web\CBaseController.php(96): CBaseController->renderInternal('C:\wamp\www\zad...', Array, true)
#5 C:\wamp\www\framework\web\CController.php(870): CBaseController->renderFile('C:\wamp\www\zad...', Array, true)
#6 C:\wamp\www\framework\web\CController.php(783): CController->renderPartial('search', Array, true)
#7 C:\wamp\www\zadovo\protected\controllers\SiteController.php(259): CController->render('search', Array)
#8 C:\wamp\www\framework\web\actions\CInlineAction.php(50): SiteController->actionSearch()
#9 C:\wamp\www\framework\web\CController.php(309): CInlineAction->runWithParams(Array)
#10 C:\wamp\www\framework\web\CController.php(287): CController->runAction(Object(CInlineAction))
#11 C:\wamp\www\framework\web\CController.php(266): CController->runActionWithFilters(Object(CInlineAction), Array)
#12 C:\wamp\www\framework\web\CWebApplication.php(276): CController->run('search')
#13 C:\wamp\www\framework\web\CWebApplication.php(135): CWebApplication->runController('site/search')
#14 C:\wamp\www\framework\base\CApplication.php(162): CWebApplication->processRequest()
#15 C:\wamp\www\zadovo\index.php(13): CApplication->run()
#16 {main}
REQUEST_URI=/zadovo/index.php?r=site%2Fsearch&cities_id=1&term=as%2Cmd&yt0=Search
HTTP_REFERER=http://localhost/zadovo/index.php?r=site%2Fsearch&cities_id=1&term=a&yt0=Search
---
2014/11/09 17:04:07 [error] [php] include(CareerOptions.php) [<a href='function.include'>function.include</a>]: failed to open stream: No such file or directory (C:\wamp\www\framework\YiiBase.php:418)
Stack trace:
#0 C:\wamp\www\zadovo\protected\controllers\SiteController.php(308): spl_autoload_call()
#1 C:\wamp\www\framework\web\actions\CInlineAction.php(50): SiteController->actionCourses()
#2 C:\wamp\www\framework\web\CController.php(309): CInlineAction->runWithParams()
#3 C:\wamp\www\framework\web\CController.php(287): SiteController->runAction()
#4 C:\wamp\www\framework\web\CController.php(266): SiteController->runActionWithFilters()
#5 C:\wamp\www\framework\web\CWebApplication.php(276): SiteController->run()
#6 C:\wamp\www\framework\web\CWebApplication.php(135): CWebApplication->runController()
#7 C:\wamp\www\framework\base\CApplication.php(162): CWebApplication->processRequest()
#8 C:\wamp\www\zadovo\index.php(13): CWebApplication->run()
REQUEST_URI=/zadovo/index.php?r=site/courses
in C:\wamp\www\zadovo\protected\controllers\SiteController.php (308)
in C:\wamp\www\zadovo\index.php (13)
2014/11/09 17:05:21 [error] [exception.CException] exception 'CException' with message 'Property "CareerOptions.logo" is not defined.' in C:\wamp\www\framework\base\CComponent.php:131
Stack trace:
#0 C:\wamp\www\framework\db\ar\CActiveRecord.php(144): CComponent->__get('logo')
#1 C:\wamp\www\zadovo\themes\home\views\site\_school.php(3): CActiveRecord->__get('logo')
#2 C:\wamp\www\framework\web\CBaseController.php(127): require('C:\wamp\www\zad...')
#3 C:\wamp\www\framework\web\CBaseController.php(96): CBaseController->renderInternal('C:\wamp\www\zad...', Array, true)
#4 C:\wamp\www\framework\web\CController.php(870): CBaseController->renderFile('C:\wamp\www\zad...', Array, true)
#5 C:\wamp\www\framework\zii\widgets\CListView.php(242): CController->renderPartial('_school', Array)
#6 C:\wamp\www\framework\zii\widgets\CBaseListView.php(158): CListView->renderItems()
#7 [internal function]: CBaseListView->renderSection(Array)
#8 C:\wamp\www\framework\zii\widgets\CBaseListView.php(141): preg_replace_callback('/{(\w+)}/', Array, '{summary}?{sort...')
#9 C:\wamp\www\framework\zii\widgets\CBaseListView.php(126): CBaseListView->renderContent()
#10 C:\wamp\www\framework\web\CBaseController.php(174): CBaseListView->run()
#11 C:\wamp\www\zadovo\themes\home\views\site\courses.php(55): CBaseController->widget('zii.widgets.CLi...', Array)
#12 C:\wamp\www\framework\web\CBaseController.php(127): require('C:\wamp\www\zad...')
#13 C:\wamp\www\framework\web\CBaseController.php(96): CBaseController->renderInternal('C:\wamp\www\zad...', Array, true)
#14 C:\wamp\www\framework\web\CController.php(870): CBaseController->renderFile('C:\wamp\www\zad...', Array, true)
#15 C:\wamp\www\framework\web\CController.php(783): CController->renderPartial('courses', Array, true)
#16 C:\wamp\www\zadovo\protected\controllers\SiteController.php(312): CController->render('courses', Array)
#17 C:\wamp\www\framework\web\actions\CInlineAction.php(50): SiteController->actionCourses()
#18 C:\wamp\www\framework\web\CController.php(309): CInlineAction->runWithParams(Array)
#19 C:\wamp\www\framework\web\CController.php(287): CController->runAction(Object(CInlineAction))
#20 C:\wamp\www\framework\web\CController.php(266): CController->runActionWithFilters(Object(CInlineAction), Array)
#21 C:\wamp\www\framework\web\CWebApplication.php(276): CController->run('courses')
#22 C:\wamp\www\framework\web\CWebApplication.php(135): CWebApplication->runController('site/courses')
#23 C:\wamp\www\framework\base\CApplication.php(162): CWebApplication->processRequest()
#24 C:\wamp\www\zadovo\index.php(13): CApplication->run()
#25 {main}
REQUEST_URI=/zadovo/index.php?r=site/courses
---
2014/11/09 17:06:09 [error] [exception.CException] exception 'CException' with message 'Property "CareerOptions.logo" is not defined.' in C:\wamp\www\framework\base\CComponent.php:131
Stack trace:
#0 C:\wamp\www\framework\db\ar\CActiveRecord.php(144): CComponent->__get('logo')
#1 C:\wamp\www\zadovo\themes\home\views\site\_school.php(3): CActiveRecord->__get('logo')
#2 C:\wamp\www\framework\web\CBaseController.php(127): require('C:\wamp\www\zad...')
#3 C:\wamp\www\framework\web\CBaseController.php(96): CBaseController->renderInternal('C:\wamp\www\zad...', Array, true)
#4 C:\wamp\www\framework\web\CController.php(870): CBaseController->renderFile('C:\wamp\www\zad...', Array, true)
#5 C:\wamp\www\framework\zii\widgets\CListView.php(242): CController->renderPartial('_school', Array)
#6 C:\wamp\www\framework\zii\widgets\CBaseListView.php(158): CListView->renderItems()
#7 [internal function]: CBaseListView->renderSection(Array)
#8 C:\wamp\www\framework\zii\widgets\CBaseListView.php(141): preg_replace_callback('/{(\w+)}/', Array, '{summary}?{sort...')
#9 C:\wamp\www\framework\zii\widgets\CBaseListView.php(126): CBaseListView->renderContent()
#10 C:\wamp\www\framework\web\CBaseController.php(174): CBaseListView->run()
#11 C:\wamp\www\zadovo\themes\home\views\site\courses.php(55): CBaseController->widget('zii.widgets.CLi...', Array)
#12 C:\wamp\www\framework\web\CBaseController.php(127): require('C:\wamp\www\zad...')
#13 C:\wamp\www\framework\web\CBaseController.php(96): CBaseController->renderInternal('C:\wamp\www\zad...', Array, true)
#14 C:\wamp\www\framework\web\CController.php(870): CBaseController->renderFile('C:\wamp\www\zad...', Array, true)
#15 C:\wamp\www\framework\web\CController.php(783): CController->renderPartial('courses', Array, true)
#16 C:\wamp\www\zadovo\protected\controllers\SiteController.php(312): CController->render('courses', Array)
#17 C:\wamp\www\framework\web\actions\CInlineAction.php(50): SiteController->actionCourses()
#18 C:\wamp\www\framework\web\CController.php(309): CInlineAction->runWithParams(Array)
#19 C:\wamp\www\framework\web\CController.php(287): CController->runAction(Object(CInlineAction))
#20 C:\wamp\www\framework\web\CController.php(266): CController->runActionWithFilters(Object(CInlineAction), Array)
#21 C:\wamp\www\framework\web\CWebApplication.php(276): CController->run('courses')
#22 C:\wamp\www\framework\web\CWebApplication.php(135): CWebApplication->runController('site/courses')
#23 C:\wamp\www\framework\base\CApplication.php(162): CWebApplication->processRequest()
#24 C:\wamp\www\zadovo\index.php(13): CApplication->run()
#25 {main}
REQUEST_URI=/zadovo/index.php?r=site/courses
---
2014/11/09 17:06:52 [error] [exception.CException] exception 'CException' with message 'Property "CareerOptions.name" is not defined.' in C:\wamp\www\framework\base\CComponent.php:131
Stack trace:
#0 C:\wamp\www\framework\db\ar\CActiveRecord.php(144): CComponent->__get('name')
#1 C:\wamp\www\zadovo\themes\home\views\site\_course.php(3): CActiveRecord->__get('name')
#2 C:\wamp\www\framework\web\CBaseController.php(127): require('C:\wamp\www\zad...')
#3 C:\wamp\www\framework\web\CBaseController.php(96): CBaseController->renderInternal('C:\wamp\www\zad...', Array, true)
#4 C:\wamp\www\framework\web\CController.php(870): CBaseController->renderFile('C:\wamp\www\zad...', Array, true)
#5 C:\wamp\www\framework\zii\widgets\CListView.php(242): CController->renderPartial('_course', Array)
#6 C:\wamp\www\framework\zii\widgets\CBaseListView.php(158): CListView->renderItems()
#7 [internal function]: CBaseListView->renderSection(Array)
#8 C:\wamp\www\framework\zii\widgets\CBaseListView.php(141): preg_replace_callback('/{(\w+)}/', Array, '{summary}?{sort...')
#9 C:\wamp\www\framework\zii\widgets\CBaseListView.php(126): CBaseListView->renderContent()
#10 C:\wamp\www\framework\web\CBaseController.php(174): CBaseListView->run()
#11 C:\wamp\www\zadovo\themes\home\views\site\courses.php(55): CBaseController->widget('zii.widgets.CLi...', Array)
#12 C:\wamp\www\framework\web\CBaseController.php(127): require('C:\wamp\www\zad...')
#13 C:\wamp\www\framework\web\CBaseController.php(96): CBaseController->renderInternal('C:\wamp\www\zad...', Array, true)
#14 C:\wamp\www\framework\web\CController.php(870): CBaseController->renderFile('C:\wamp\www\zad...', Array, true)
#15 C:\wamp\www\framework\web\CController.php(783): CController->renderPartial('courses', Array, true)
#16 C:\wamp\www\zadovo\protected\controllers\SiteController.php(312): CController->render('courses', Array)
#17 C:\wamp\www\framework\web\actions\CInlineAction.php(50): SiteController->actionCourses()
#18 C:\wamp\www\framework\web\CController.php(309): CInlineAction->runWithParams(Array)
#19 C:\wamp\www\framework\web\CController.php(287): CController->runAction(Object(CInlineAction))
#20 C:\wamp\www\framework\web\CController.php(266): CController->runActionWithFilters(Object(CInlineAction), Array)
#21 C:\wamp\www\framework\web\CWebApplication.php(276): CController->run('courses')
#22 C:\wamp\www\framework\web\CWebApplication.php(135): CWebApplication->runController('site/courses')
#23 C:\wamp\www\framework\base\CApplication.php(162): CWebApplication->processRequest()
#24 C:\wamp\www\zadovo\index.php(13): CApplication->run()
#25 {main}
REQUEST_URI=/zadovo/index.php?r=site/courses
---
2014/11/09 17:07:27 [error] [exception.CException] exception 'CException' with message 'Property "CareerOptions.address1" is not defined.' in C:\wamp\www\framework\base\CComponent.php:131
Stack trace:
#0 C:\wamp\www\framework\db\ar\CActiveRecord.php(144): CComponent->__get('address1')
#1 C:\wamp\www\zadovo\themes\home\views\site\_course.php(6): CActiveRecord->__get('address1')
#2 C:\wamp\www\framework\web\CBaseController.php(127): require('C:\wamp\www\zad...')
#3 C:\wamp\www\framework\web\CBaseController.php(96): CBaseController->renderInternal('C:\wamp\www\zad...', Array, true)
#4 C:\wamp\www\framework\web\CController.php(870): CBaseController->renderFile('C:\wamp\www\zad...', Array, true)
#5 C:\wamp\www\framework\zii\widgets\CListView.php(242): CController->renderPartial('_course', Array)
#6 C:\wamp\www\framework\zii\widgets\CBaseListView.php(158): CListView->renderItems()
#7 [internal function]: CBaseListView->renderSection(Array)
#8 C:\wamp\www\framework\zii\widgets\CBaseListView.php(141): preg_replace_callback('/{(\w+)}/', Array, '{summary}?{sort...')
#9 C:\wamp\www\framework\zii\widgets\CBaseListView.php(126): CBaseListView->renderContent()
#10 C:\wamp\www\framework\web\CBaseController.php(174): CBaseListView->run()
#11 C:\wamp\www\zadovo\themes\home\views\site\courses.php(55): CBaseController->widget('zii.widgets.CLi...', Array)
#12 C:\wamp\www\framework\web\CBaseController.php(127): require('C:\wamp\www\zad...')
#13 C:\wamp\www\framework\web\CBaseController.php(96): CBaseController->renderInternal('C:\wamp\www\zad...', Array, true)
#14 C:\wamp\www\framework\web\CController.php(870): CBaseController->renderFile('C:\wamp\www\zad...', Array, true)
#15 C:\wamp\www\framework\web\CController.php(783): CController->renderPartial('courses', Array, true)
#16 C:\wamp\www\zadovo\protected\controllers\SiteController.php(312): CController->render('courses', Array)
#17 C:\wamp\www\framework\web\actions\CInlineAction.php(50): SiteController->actionCourses()
#18 C:\wamp\www\framework\web\CController.php(309): CInlineAction->runWithParams(Array)
#19 C:\wamp\www\framework\web\CController.php(287): CController->runAction(Object(CInlineAction))
#20 C:\wamp\www\framework\web\CController.php(266): CController->runActionWithFilters(Object(CInlineAction), Array)
#21 C:\wamp\www\framework\web\CWebApplication.php(276): CController->run('courses')
#22 C:\wamp\www\framework\web\CWebApplication.php(135): CWebApplication->runController('site/courses')
#23 C:\wamp\www\framework\base\CApplication.php(162): CWebApplication->processRequest()
#24 C:\wamp\www\zadovo\index.php(13): CApplication->run()
#25 {main}
REQUEST_URI=/zadovo/index.php?r=site/courses
---
2014/11/09 17:07:57 [error] [exception.CException] exception 'CException' with message 'Property "CareerOptions.reviews" is not defined.' in C:\wamp\www\framework\base\CComponent.php:131
Stack trace:
#0 C:\wamp\www\framework\db\ar\CActiveRecord.php(144): CComponent->__get('reviews')
#1 C:\wamp\www\zadovo\themes\home\views\site\_course.php(8): CActiveRecord->__get('reviews')
#2 C:\wamp\www\framework\web\CBaseController.php(127): require('C:\wamp\www\zad...')
#3 C:\wamp\www\framework\web\CBaseController.php(96): CBaseController->renderInternal('C:\wamp\www\zad...', Array, true)
#4 C:\wamp\www\framework\web\CController.php(870): CBaseController->renderFile('C:\wamp\www\zad...', Array, true)
#5 C:\wamp\www\framework\zii\widgets\CListView.php(242): CController->renderPartial('_course', Array)
#6 C:\wamp\www\framework\zii\widgets\CBaseListView.php(158): CListView->renderItems()
#7 [internal function]: CBaseListView->renderSection(Array)
#8 C:\wamp\www\framework\zii\widgets\CBaseListView.php(141): preg_replace_callback('/{(\w+)}/', Array, '{summary}?{sort...')
#9 C:\wamp\www\framework\zii\widgets\CBaseListView.php(126): CBaseListView->renderContent()
#10 C:\wamp\www\framework\web\CBaseController.php(174): CBaseListView->run()
#11 C:\wamp\www\zadovo\themes\home\views\site\courses.php(55): CBaseController->widget('zii.widgets.CLi...', Array)
#12 C:\wamp\www\framework\web\CBaseController.php(127): require('C:\wamp\www\zad...')
#13 C:\wamp\www\framework\web\CBaseController.php(96): CBaseController->renderInternal('C:\wamp\www\zad...', Array, true)
#14 C:\wamp\www\framework\web\CController.php(870): CBaseController->renderFile('C:\wamp\www\zad...', Array, true)
#15 C:\wamp\www\framework\web\CController.php(783): CController->renderPartial('courses', Array, true)
#16 C:\wamp\www\zadovo\protected\controllers\SiteController.php(312): CController->render('courses', Array)
#17 C:\wamp\www\framework\web\actions\CInlineAction.php(50): SiteController->actionCourses()
#18 C:\wamp\www\framework\web\CController.php(309): CInlineAction->runWithParams(Array)
#19 C:\wamp\www\framework\web\CController.php(287): CController->runAction(Object(CInlineAction))
#20 C:\wamp\www\framework\web\CController.php(266): CController->runActionWithFilters(Object(CInlineAction), Array)
#21 C:\wamp\www\framework\web\CWebApplication.php(276): CController->run('courses')
#22 C:\wamp\www\framework\web\CWebApplication.php(135): CWebApplication->runController('site/courses')
#23 C:\wamp\www\framework\base\CApplication.php(162): CWebApplication->processRequest()
#24 C:\wamp\www\zadovo\index.php(13): CApplication->run()
#25 {main}
REQUEST_URI=/zadovo/index.php?r=site/courses
---
2014/11/09 17:08:14 [error] [exception.CException] exception 'CException' with message 'Property "CareerOptions.name" is not defined.' in C:\wamp\www\framework\base\CComponent.php:131
Stack trace:
#0 C:\wamp\www\framework\db\ar\CActiveRecord.php(144): CComponent->__get('name')
#1 C:\wamp\www\zadovo\themes\home\views\site\_course.php(13): CActiveRecord->__get('name')
#2 C:\wamp\www\framework\web\CBaseController.php(127): require('C:\wamp\www\zad...')
#3 C:\wamp\www\framework\web\CBaseController.php(96): CBaseController->renderInternal('C:\wamp\www\zad...', Array, true)
#4 C:\wamp\www\framework\web\CController.php(870): CBaseController->renderFile('C:\wamp\www\zad...', Array, true)
#5 C:\wamp\www\framework\zii\widgets\CListView.php(242): CController->renderPartial('_course', Array)
#6 C:\wamp\www\framework\zii\widgets\CBaseListView.php(158): CListView->renderItems()
#7 [internal function]: CBaseListView->renderSection(Array)
#8 C:\wamp\www\framework\zii\widgets\CBaseListView.php(141): preg_replace_callback('/{(\w+)}/', Array, '{summary}?{sort...')
#9 C:\wamp\www\framework\zii\widgets\CBaseListView.php(126): CBaseListView->renderContent()
#10 C:\wamp\www\framework\web\CBaseController.php(174): CBaseListView->run()
#11 C:\wamp\www\zadovo\themes\home\views\site\courses.php(55): CBaseController->widget('zii.widgets.CLi...', Array)
#12 C:\wamp\www\framework\web\CBaseController.php(127): require('C:\wamp\www\zad...')
#13 C:\wamp\www\framework\web\CBaseController.php(96): CBaseController->renderInternal('C:\wamp\www\zad...', Array, true)
#14 C:\wamp\www\framework\web\CController.php(870): CBaseController->renderFile('C:\wamp\www\zad...', Array, true)
#15 C:\wamp\www\framework\web\CController.php(783): CController->renderPartial('courses', Array, true)
#16 C:\wamp\www\zadovo\protected\controllers\SiteController.php(312): CController->render('courses', Array)
#17 C:\wamp\www\framework\web\actions\CInlineAction.php(50): SiteController->actionCourses()
#18 C:\wamp\www\framework\web\CController.php(309): CInlineAction->runWithParams(Array)
#19 C:\wamp\www\framework\web\CController.php(287): CController->runAction(Object(CInlineAction))
#20 C:\wamp\www\framework\web\CController.php(266): CController->runActionWithFilters(Object(CInlineAction), Array)
#21 C:\wamp\www\framework\web\CWebApplication.php(276): CController->run('courses')
#22 C:\wamp\www\framework\web\CWebApplication.php(135): CWebApplication->runController('site/courses')
#23 C:\wamp\www\framework\base\CApplication.php(162): CWebApplication->processRequest()
#24 C:\wamp\www\zadovo\index.php(13): CApplication->run()
#25 {main}
REQUEST_URI=/zadovo/index.php?r=site/courses
---
2014/11/09 17:24:07 [error] [exception.CHttpException.404] exception 'CHttpException' with message 'The system is unable to find the requested action "editProfile".' in C:\wamp\www\framework\web\CController.php:484
Stack trace:
#0 C:\wamp\www\framework\web\CController.php(271): CController->missingAction('editProfile')
#1 C:\wamp\www\framework\web\CWebApplication.php(276): CController->run('editProfile')
#2 C:\wamp\www\framework\web\CWebApplication.php(135): CWebApplication->runController('site/editProfil...')
#3 C:\wamp\www\framework\base\CApplication.php(162): CWebApplication->processRequest()
#4 C:\wamp\www\zadovo\index.php(13): CApplication->run()
#5 {main}
REQUEST_URI=/zadovo/index.php?r=site/editProfile
HTTP_REFERER=http://localhost/zadovo/index.php?r=user/userProfile
---
